-- Using CATKIN_DEVEL_PREFIX: /home/ubuntu/environment/robot_ws/src/http_node/build/http_node/devel
-- Using CMAKE_PREFIX_PATH: /opt/ros/melodic
-- This workspace overlays: /opt/ros/melodic
-- Found PythonInterp: /usr/bin/python2 (found suitable version "2.7.17", minimum required is "2") 
-- Using PYTHON_EXECUTABLE: /usr/bin/python2
-- Using Debian Python package layout
-- Using empy: /usr/bin/empy
-- Using CATKIN_ENABLE_TESTING: ON
-- Call enable_testing()
-- Using CATKIN_TEST_RESULTS_DIR: /home/ubuntu/environment/robot_ws/src/http_node/build/http_node/test_results
-- Found gtest sources under '/usr/src/googletest': gtests will be built
-- Found gmock sources under '/usr/src/googletest': gmock will be built
-- Found PythonInterp: /usr/bin/python2 (found version "2.7.17") 
-- Looking for pthread.h
-- Looking for pthread.h - found
-- Looking for pthread_create
-- Looking for pthread_create - not found
-- Looking for pthread_create in pthreads
-- Looking for pthread_create in pthreads - not found
-- Looking for pthread_create in pthread
-- Looking for pthread_create in pthread - found
-- Found Threads: TRUE  
-- Using Python nosetests: /usr/bin/nosetests-2.7
-- catkin 0.7.29
-- BUILD_SHARED_LIBS is on
-- Using these message generators: gencpp;geneus;genlisp;gennodejs;genpy
CMake Error at /opt/ros/melodic/share/catkin/cmake/catkin_install_python.cmake:20 (message):
  catkin_install_python() called without required DESTINATION argument.
Call Stack (most recent call first):
  CMakeLists.txt:20 (catkin_install_python)


-- Configuring incomplete, errors occurred!
See also "/home/ubuntu/environment/robot_ws/src/http_node/build/http_node/CMakeFiles/CMakeOutput.log".
See also "/home/ubuntu/environment/robot_ws/src/http_node/build/http_node/CMakeFiles/CMakeError.log".
