[0.027s] Invoking command in '/home/ubuntu/environment/robot_ws/src/http_node/build/http_node': /usr/bin/cmake /home/ubuntu/environment/robot_ws/src/http_node -DCATKIN_INSTALL_INTO_PREFIX_ROOT=0 -DCMAKE_INSTALL_PREFIX=/home/ubuntu/environment/robot_ws/src/http_node/install/http_node
[0.086s] -- The C compiler identification is GNU 7.5.0
[0.143s] -- The CXX compiler identification is GNU 7.5.0
[0.147s] -- Check for working C compiler: /usr/bin/cc
[0.210s] -- Check for working C compiler: /usr/bin/cc -- works
[0.211s] -- Detecting C compiler ABI info
[0.274s] -- Detecting C compiler ABI info - done
[0.283s] -- Detecting C compile features
[0.476s] -- Detecting C compile features - done
[0.479s] -- Check for working CXX compiler: /usr/bin/c++
[0.557s] -- Check for working CXX compiler: /usr/bin/c++ -- works
[0.558s] -- Detecting CXX compiler ABI info
[0.636s] -- Detecting CXX compiler ABI info - done
[0.645s] -- Detecting CXX compile features
[0.977s] -- Detecting CXX compile features - done
[0.978s] CMake Error at CMakeLists.txt:13 (catkin_install_python):
[0.978s]   Unknown CMake command "catkin_install_python".
[0.978s] 
[0.978s] 
[0.978s] -- Configuring incomplete, errors occurred!
[0.978s] See also "/home/ubuntu/environment/robot_ws/src/http_node/build/http_node/CMakeFiles/CMakeOutput.log".
[0.981s] Invoked command in '/home/ubuntu/environment/robot_ws/src/http_node/build/http_node' returned '1': /usr/bin/cmake /home/ubuntu/environment/robot_ws/src/http_node -DCATKIN_INSTALL_INTO_PREFIX_ROOT=0 -DCMAKE_INSTALL_PREFIX=/home/ubuntu/environment/robot_ws/src/http_node/install/http_node
