Determining if the pthread_create exist failed with the following output:
Change Dir: /home/ubuntu/environment/robot_ws/src/http_node/build/http_node/CMakeFiles/CMakeTmp

Run Build Command:"/usr/bin/make" "cmTC_1195d/fast"
/usr/bin/make -f CMakeFiles/cmTC_1195d.dir/build.make CMakeFiles/cmTC_1195d.dir/build
make[1]: Entering directory '/home/ubuntu/environment/robot_ws/src/http_node/build/http_node/CMakeFiles/CMakeTmp'
Building C object CMakeFiles/cmTC_1195d.dir/CheckSymbolExists.c.o
/usr/bin/cc    -o CMakeFiles/cmTC_1195d.dir/CheckSymbolExists.c.o   -c /home/ubuntu/environment/robot_ws/src/http_node/build/http_node/CMakeFiles/CMakeTmp/CheckSymbolExists.c
Linking C executable cmTC_1195d
/usr/bin/cmake -E cmake_link_script CMakeFiles/cmTC_1195d.dir/link.txt --verbose=1
/usr/bin/cc      -rdynamic CMakeFiles/cmTC_1195d.dir/CheckSymbolExists.c.o  -o cmTC_1195d 
CMakeFiles/cmTC_1195d.dir/CheckSymbolExists.c.o: In function `main':
CheckSymbolExists.c:(.text+0x1b): undefined reference to `pthread_create'
collect2: error: ld returned 1 exit status
CMakeFiles/cmTC_1195d.dir/build.make:97: recipe for target 'cmTC_1195d' failed
make[1]: *** [cmTC_1195d] Error 1
make[1]: Leaving directory '/home/ubuntu/environment/robot_ws/src/http_node/build/http_node/CMakeFiles/CMakeTmp'
Makefile:126: recipe for target 'cmTC_1195d/fast' failed
make: *** [cmTC_1195d/fast] Error 2

File /home/ubuntu/environment/robot_ws/src/http_node/build/http_node/CMakeFiles/CMakeTmp/CheckSymbolExists.c:
/* */
#include <pthread.h>

int main(int argc, char** argv)
{
  (void)argv;
#ifndef pthread_create
  return ((int*)(&pthread_create))[argc];
#else
  (void)argc;
  return 0;
#endif
}

Determining if the function pthread_create exists in the pthreads failed with the following output:
Change Dir: /home/ubuntu/environment/robot_ws/src/http_node/build/http_node/CMakeFiles/CMakeTmp

Run Build Command:"/usr/bin/make" "cmTC_98d28/fast"
/usr/bin/make -f CMakeFiles/cmTC_98d28.dir/build.make CMakeFiles/cmTC_98d28.dir/build
make[1]: Entering directory '/home/ubuntu/environment/robot_ws/src/http_node/build/http_node/CMakeFiles/CMakeTmp'
Building C object CMakeFiles/cmTC_98d28.dir/CheckFunctionExists.c.o
/usr/bin/cc   -DCHECK_FUNCTION_EXISTS=pthread_create   -o CMakeFiles/cmTC_98d28.dir/CheckFunctionExists.c.o   -c /usr/share/cmake-3.10/Modules/CheckFunctionExists.c
Linking C executable cmTC_98d28
/usr/bin/cmake -E cmake_link_script CMakeFiles/cmTC_98d28.dir/link.txt --verbose=1
/usr/bin/cc  -DCHECK_FUNCTION_EXISTS=pthread_create    -rdynamic CMakeFiles/cmTC_98d28.dir/CheckFunctionExists.c.o  -o cmTC_98d28 -lpthreads 
/usr/bin/ld: cannot find -lpthreads
collect2: error: ld returned 1 exit status
CMakeFiles/cmTC_98d28.dir/build.make:97: recipe for target 'cmTC_98d28' failed
make[1]: *** [cmTC_98d28] Error 1
make[1]: Leaving directory '/home/ubuntu/environment/robot_ws/src/http_node/build/http_node/CMakeFiles/CMakeTmp'
Makefile:126: recipe for target 'cmTC_98d28/fast' failed
make: *** [cmTC_98d28/fast] Error 2


