[0.027s] Invoking command in '/home/ubuntu/environment/robot_ws/src/http_node/build/http_node': /usr/bin/cmake /home/ubuntu/environment/robot_ws/src/http_node -DCMAKE_INSTALL_PREFIX=/home/ubuntu/environment/robot_ws/src/http_node/install/http_node
[0.042s] -- Using CATKIN_DEVEL_PREFIX: /home/ubuntu/environment/robot_ws/src/http_node/build/http_node/devel
[0.042s] -- Using CMAKE_PREFIX_PATH: /opt/ros/melodic
[0.042s] -- This workspace overlays: /opt/ros/melodic
[0.055s] -- Found PythonInterp: /usr/bin/python2 (found suitable version "2.7.17", minimum required is "2") 
[0.056s] -- Using PYTHON_EXECUTABLE: /usr/bin/python2
[0.056s] -- Using Debian Python package layout
[0.056s] -- Using empy: /usr/bin/empy
[0.196s] -- Using CATKIN_ENABLE_TESTING: ON
[0.196s] -- Call enable_testing()
[0.197s] -- Using CATKIN_TEST_RESULTS_DIR: /home/ubuntu/environment/robot_ws/src/http_node/build/http_node/test_results
[0.213s] -- Found gtest sources under '/usr/src/googletest': gtests will be built
[0.213s] -- Found gmock sources under '/usr/src/googletest': gmock will be built
[0.225s] -- Found PythonInterp: /usr/bin/python2 (found version "2.7.17") 
[0.231s] -- Using Python nosetests: /usr/bin/nosetests-2.7
[0.268s] -- catkin 0.7.29
[0.268s] -- BUILD_SHARED_LIBS is on
[0.525s] Traceback (most recent call last):
[0.525s]   File "/opt/ros/melodic/share/catkin/cmake/interrogate_setup_dot_py.py", line 255, in <module>
[0.525s]     main()
[0.526s]   File "/opt/ros/melodic/share/catkin/cmake/interrogate_setup_dot_py.py", line 248, in main
[0.526s]     runpy.run_path(args.setupfile_path)
[0.526s]   File "/usr/lib/python2.7/runpy.py", line 252, in run_path
[0.526s]     return _run_module_code(code, init_globals, run_name, path_name)
[0.526s]   File "/usr/lib/python2.7/runpy.py", line 82, in _run_module_code
[0.526s]     mod_name, mod_fname, mod_loader, pkg_name)
[0.526s]   File "/usr/lib/python2.7/runpy.py", line 72, in _run_code
[0.526s]     exec code in run_globals
[0.526s]   File "/home/ubuntu/environment/robot_ws/src/http_node/setup.py", line 10, in <module>
[0.526s]     package_dir={'': 'src'}
[0.526s]   File "/usr/lib/python2.7/dist-packages/catkin_pkg/python_setup.py", line 74, in generate_distutils_setup
[0.527s]     package = parse_package(package_xml_path)
[0.527s]   File "/usr/lib/python2.7/dist-packages/catkin_pkg/package.py", line 570, in parse_package
[0.527s]     return parse_package_string(xml, filename, warnings=warnings)
[0.527s]   File "/usr/lib/python2.7/dist-packages/catkin_pkg/package.py", line 771, in parse_package_string
[0.527s]     raise InvalidPackage('Error(s):%s' % (''.join(['\n- %s' % e for e in errors])), filename)
[0.527s] catkin_pkg.package.InvalidPackage: Error(s) in package './package.xml':
[0.527s] Error(s):
[0.527s] - The generic dependency on 'rospy' is redundant with: exec_depend
[0.536s] CMake Error at /opt/ros/melodic/share/catkin/cmake/safe_execute_process.cmake:11 (message):
[0.536s]   
[0.536s]   execute_process(/home/ubuntu/environment/robot_ws/src/http_node/build/http_node/catkin_generated/env_cached.sh
[0.536s]   "/usr/bin/python2"
[0.536s]   "/opt/ros/melodic/share/catkin/cmake/interrogate_setup_dot_py.py"
[0.537s]   "http_node" "/home/ubuntu/environment/robot_ws/src/http_node/setup.py"
[0.537s]   "/home/ubuntu/environment/robot_ws/src/http_node/build/http_node/catkin_generated/setup_py_interrogation.cmake")
[0.537s]   returned error code 1
[0.537s] Call Stack (most recent call first):
[0.537s]   /opt/ros/melodic/share/catkin/cmake/catkin_python_setup.cmake:46 (safe_execute_process)
[0.537s]   CMakeLists.txt:7 (catkin_python_setup)
[0.537s] 
[0.537s] 
[0.537s] -- Configuring incomplete, errors occurred!
[0.537s] See also "/home/ubuntu/environment/robot_ws/src/http_node/build/http_node/CMakeFiles/CMakeOutput.log".
[0.537s] See also "/home/ubuntu/environment/robot_ws/src/http_node/build/http_node/CMakeFiles/CMakeError.log".
[0.541s] Invoked command in '/home/ubuntu/environment/robot_ws/src/http_node/build/http_node' returned '1': /usr/bin/cmake /home/ubuntu/environment/robot_ws/src/http_node -DCMAKE_INSTALL_PREFIX=/home/ubuntu/environment/robot_ws/src/http_node/install/http_node
